2021/06/19 08:32:23 [warn] 1#1: conflicting server name "localhost" on 0.0.0.0:80, ignored
2021/06/19 08:32:23 [notice] 1#1: using the "epoll" event method
2021/06/19 08:32:23 [notice] 1#1: nginx/1.21.0
2021/06/19 08:32:23 [notice] 1#1: built by gcc 8.3.0 (Debian 8.3.0-6) 
2021/06/19 08:32:23 [notice] 1#1: OS: Linux 5.10.25-linuxkit
2021/06/19 08:32:23 [notice] 1#1: getrlimit(RLIMIT_NOFILE): 1048576:1048576
2021/06/19 08:32:23 [notice] 1#1: start worker processes
2021/06/19 08:32:23 [notice] 1#1: start worker process 32
2021/06/19 08:32:23 [notice] 1#1: start worker process 33
2021/06/19 08:32:23 [notice] 1#1: start worker process 34
2021/06/19 08:32:23 [notice] 1#1: start worker process 35
2021/06/19 08:32:33 [crit] 33#33: *2 connect() to unix:///app/tmp/sockets/puma.sock failed (2: No such file or directory) while connecting to upstream, client: 192.168.160.1, server: localhost, request: "GET / HTTP/1.1", upstream: "http://unix:///app/tmp/sockets/puma.sock:/", host: "localhost"
2021/06/19 08:32:34 [crit] 33#33: *2 connect() to unix:///app/tmp/sockets/puma.sock failed (2: No such file or directory) while connecting to upstream, client: 192.168.160.1, server: localhost, request: "GET /favicon.ico HTTP/1.1", upstream: "http://unix:///app/tmp/sockets/puma.sock:/favicon.ico", host: "localhost", referrer: "http://localhost/"
2021/06/19 08:39:25 [notice] 1#1: signal 3 (SIGQUIT) received, shutting down
2021/06/19 08:39:25 [notice] 32#32: gracefully shutting down
2021/06/19 08:39:25 [notice] 33#33: gracefully shutting down
2021/06/19 08:39:25 [notice] 33#33: exiting
2021/06/19 08:39:25 [notice] 34#34: gracefully shutting down
2021/06/19 08:39:25 [notice] 35#35: gracefully shutting down
2021/06/19 08:39:25 [notice] 32#32: exiting
2021/06/19 08:39:25 [notice] 33#33: exit
2021/06/19 08:39:25 [notice] 34#34: exiting
2021/06/19 08:39:25 [notice] 35#35: exiting
2021/06/19 08:39:25 [notice] 32#32: exit
2021/06/19 08:39:25 [notice] 34#34: exit
2021/06/19 08:39:25 [notice] 35#35: exit
2021/06/19 08:39:25 [notice] 1#1: signal 17 (SIGCHLD) received from 33
2021/06/19 08:39:25 [notice] 1#1: worker process 33 exited with code 0
2021/06/19 08:39:25 [notice] 1#1: signal 29 (SIGIO) received
2021/06/19 08:39:25 [notice] 1#1: signal 17 (SIGCHLD) received from 32
2021/06/19 08:39:25 [notice] 1#1: worker process 32 exited with code 0
2021/06/19 08:39:25 [notice] 1#1: signal 29 (SIGIO) received
2021/06/19 08:39:25 [notice] 1#1: signal 17 (SIGCHLD) received from 34
2021/06/19 08:39:25 [notice] 1#1: worker process 34 exited with code 0
2021/06/19 08:39:25 [notice] 1#1: signal 29 (SIGIO) received
2021/06/19 08:39:25 [notice] 1#1: signal 17 (SIGCHLD) received from 35
2021/06/19 08:39:25 [notice] 1#1: worker process 35 exited with code 0
2021/06/19 08:39:25 [notice] 1#1: exit
2021/06/19 08:41:44 [warn] 1#1: conflicting server name "localhost" on 0.0.0.0:80, ignored
2021/06/19 08:41:44 [notice] 1#1: using the "epoll" event method
2021/06/19 08:41:44 [notice] 1#1: nginx/1.21.0
2021/06/19 08:41:44 [notice] 1#1: built by gcc 8.3.0 (Debian 8.3.0-6) 
2021/06/19 08:41:44 [notice] 1#1: OS: Linux 5.10.25-linuxkit
2021/06/19 08:41:44 [notice] 1#1: getrlimit(RLIMIT_NOFILE): 1048576:1048576
2021/06/19 08:41:44 [notice] 1#1: start worker processes
2021/06/19 08:41:44 [notice] 1#1: start worker process 31
2021/06/19 08:41:44 [notice] 1#1: start worker process 32
2021/06/19 08:41:44 [notice] 1#1: start worker process 33
2021/06/19 08:41:44 [notice] 1#1: start worker process 34
2021/06/19 08:41:52 [crit] 31#31: *1 connect() to unix:///app/tmp/sockets/puma.sock failed (2: No such file or directory) while connecting to upstream, client: 192.168.176.1, server: localhost, request: "GET / HTTP/1.1", upstream: "http://unix:///app/tmp/sockets/puma.sock:/", host: "localhost"
2021/06/19 08:41:52 [crit] 31#31: *1 connect() to unix:///app/tmp/sockets/puma.sock failed (2: No such file or directory) while connecting to upstream, client: 192.168.176.1, server: localhost, request: "GET /favicon.ico HTTP/1.1", upstream: "http://unix:///app/tmp/sockets/puma.sock:/favicon.ico", host: "localhost", referrer: "http://localhost/"
2021/06/19 08:41:57 [crit] 31#31: *1 connect() to unix:///app/tmp/sockets/puma.sock failed (2: No such file or directory) while connecting to upstream, client: 192.168.176.1, server: localhost, request: "GET / HTTP/1.1", upstream: "http://unix:///app/tmp/sockets/puma.sock:/", host: "localhost"
2021/06/19 08:41:57 [crit] 31#31: *1 connect() to unix:///app/tmp/sockets/puma.sock failed (2: No such file or directory) while connecting to upstream, client: 192.168.176.1, server: localhost, request: "GET /favicon.ico HTTP/1.1", upstream: "http://unix:///app/tmp/sockets/puma.sock:/favicon.ico", host: "localhost", referrer: "http://localhost/"
2021/06/19 08:47:50 [notice] 1#1: signal 3 (SIGQUIT) received, shutting down
2021/06/19 08:47:50 [notice] 31#31: gracefully shutting down
2021/06/19 08:47:50 [notice] 31#31: exiting
2021/06/19 08:47:50 [notice] 33#33: gracefully shutting down
2021/06/19 08:47:50 [notice] 32#32: gracefully shutting down
2021/06/19 08:47:50 [notice] 32#32: exiting
2021/06/19 08:47:50 [notice] 34#34: gracefully shutting down
2021/06/19 08:47:50 [notice] 31#31: exit
2021/06/19 08:47:50 [notice] 33#33: exiting
2021/06/19 08:47:50 [notice] 32#32: exit
2021/06/19 08:47:50 [notice] 34#34: exiting
2021/06/19 08:47:50 [notice] 33#33: exit
2021/06/19 08:47:50 [notice] 34#34: exit
2021/06/19 08:47:50 [notice] 1#1: signal 17 (SIGCHLD) received from 31
2021/06/19 08:47:50 [notice] 1#1: worker process 31 exited with code 0
2021/06/19 08:47:50 [notice] 1#1: signal 29 (SIGIO) received
2021/06/19 08:47:50 [notice] 1#1: signal 17 (SIGCHLD) received from 32
2021/06/19 08:47:50 [notice] 1#1: worker process 32 exited with code 0
2021/06/19 08:47:50 [notice] 1#1: worker process 33 exited with code 0
2021/06/19 08:47:50 [notice] 1#1: signal 29 (SIGIO) received
2021/06/19 08:47:50 [notice] 1#1: signal 17 (SIGCHLD) received from 34
2021/06/19 08:47:50 [notice] 1#1: worker process 34 exited with code 0
2021/06/19 08:47:50 [notice] 1#1: exit
2021/06/19 09:07:05 [warn] 1#1: conflicting server name "localhost" on 0.0.0.0:80, ignored
2021/06/19 09:07:05 [notice] 1#1: using the "epoll" event method
2021/06/19 09:07:05 [notice] 1#1: nginx/1.21.0
2021/06/19 09:07:05 [notice] 1#1: built by gcc 8.3.0 (Debian 8.3.0-6) 
2021/06/19 09:07:05 [notice] 1#1: OS: Linux 5.10.25-linuxkit
2021/06/19 09:07:05 [notice] 1#1: getrlimit(RLIMIT_NOFILE): 1048576:1048576
2021/06/19 09:07:05 [notice] 1#1: start worker processes
2021/06/19 09:07:05 [notice] 1#1: start worker process 31
2021/06/19 09:07:05 [notice] 1#1: start worker process 32
2021/06/19 09:07:05 [notice] 1#1: start worker process 33
2021/06/19 09:07:05 [notice] 1#1: start worker process 34
2021/06/19 09:07:29 [notice] 1#1: signal 3 (SIGQUIT) received, shutting down
2021/06/19 09:07:29 [notice] 31#31: gracefully shutting down
2021/06/19 09:07:29 [notice] 32#32: gracefully shutting down
2021/06/19 09:07:29 [notice] 33#33: gracefully shutting down
2021/06/19 09:07:29 [notice] 34#34: gracefully shutting down
2021/06/19 09:07:29 [notice] 31#31: exiting
2021/06/19 09:07:29 [notice] 32#32: exiting
2021/06/19 09:07:29 [notice] 33#33: exiting
2021/06/19 09:07:29 [notice] 34#34: exiting
2021/06/19 09:07:29 [notice] 31#31: exit
2021/06/19 09:07:29 [notice] 32#32: exit
2021/06/19 09:07:29 [notice] 33#33: exit
2021/06/19 09:07:29 [notice] 34#34: exit
2021/06/19 09:07:29 [notice] 1#1: signal 17 (SIGCHLD) received from 31
2021/06/19 09:07:29 [notice] 1#1: worker process 31 exited with code 0
2021/06/19 09:07:29 [notice] 1#1: worker process 32 exited with code 0
2021/06/19 09:07:29 [notice] 1#1: worker process 33 exited with code 0
2021/06/19 09:07:29 [notice] 1#1: worker process 34 exited with code 0
2021/06/19 09:07:29 [notice] 1#1: exit
2021/06/19 09:16:52 [warn] 1#1: conflicting server name "localhost" on 0.0.0.0:80, ignored
2021/06/19 09:16:52 [notice] 1#1: using the "epoll" event method
2021/06/19 09:16:52 [notice] 1#1: nginx/1.21.0
2021/06/19 09:16:52 [notice] 1#1: built by gcc 8.3.0 (Debian 8.3.0-6) 
2021/06/19 09:16:52 [notice] 1#1: OS: Linux 5.10.25-linuxkit
2021/06/19 09:16:52 [notice] 1#1: getrlimit(RLIMIT_NOFILE): 1048576:1048576
2021/06/19 09:16:52 [notice] 1#1: start worker processes
2021/06/19 09:16:52 [notice] 1#1: start worker process 31
2021/06/19 09:16:52 [notice] 1#1: start worker process 32
2021/06/19 09:16:52 [notice] 1#1: start worker process 33
2021/06/19 09:16:52 [notice] 1#1: start worker process 34
2021/06/19 09:25:27 [notice] 1#1: signal 3 (SIGQUIT) received, shutting down
2021/06/19 09:25:27 [notice] 33#33: gracefully shutting down
2021/06/19 09:25:27 [notice] 31#31: gracefully shutting down
2021/06/19 09:25:27 [notice] 31#31: exiting
2021/06/19 09:25:27 [notice] 34#34: gracefully shutting down
2021/06/19 09:25:27 [notice] 32#32: gracefully shutting down
2021/06/19 09:25:27 [notice] 33#33: exiting
2021/06/19 09:25:27 [notice] 31#31: exit
2021/06/19 09:25:27 [notice] 34#34: exiting
2021/06/19 09:25:27 [notice] 32#32: exiting
2021/06/19 09:25:27 [notice] 33#33: exit
2021/06/19 09:25:27 [notice] 34#34: exit
2021/06/19 09:25:27 [notice] 32#32: exit
2021/06/19 09:25:27 [notice] 1#1: signal 17 (SIGCHLD) received from 31
2021/06/19 09:25:27 [notice] 1#1: worker process 31 exited with code 0
2021/06/19 09:25:27 [notice] 1#1: signal 29 (SIGIO) received
2021/06/19 09:25:27 [notice] 1#1: signal 17 (SIGCHLD) received from 34
2021/06/19 09:25:27 [notice] 1#1: worker process 32 exited with code 0
2021/06/19 09:25:27 [notice] 1#1: worker process 33 exited with code 0
2021/06/19 09:25:27 [notice] 1#1: worker process 34 exited with code 0
2021/06/19 09:25:27 [notice] 1#1: exit
2021/06/19 09:27:47 [warn] 1#1: conflicting server name "localhost" on 0.0.0.0:80, ignored
2021/06/19 09:27:47 [notice] 1#1: using the "epoll" event method
2021/06/19 09:27:47 [notice] 1#1: nginx/1.21.0
2021/06/19 09:27:47 [notice] 1#1: built by gcc 8.3.0 (Debian 8.3.0-6) 
2021/06/19 09:27:47 [notice] 1#1: OS: Linux 5.10.25-linuxkit
2021/06/19 09:27:47 [notice] 1#1: getrlimit(RLIMIT_NOFILE): 1048576:1048576
2021/06/19 09:27:47 [notice] 1#1: start worker processes
2021/06/19 09:27:47 [notice] 1#1: start worker process 32
2021/06/19 09:27:47 [notice] 1#1: start worker process 33
2021/06/19 09:27:47 [notice] 1#1: start worker process 34
2021/06/19 09:27:47 [notice] 1#1: start worker process 35
2021/06/20 02:07:42 [notice] 1#1: signal 3 (SIGQUIT) received, shutting down
2021/06/20 02:07:42 [notice] 34#34: gracefully shutting down
2021/06/20 02:07:42 [notice] 33#33: gracefully shutting down
2021/06/20 02:07:42 [notice] 33#33: exiting
2021/06/20 02:07:42 [notice] 32#32: gracefully shutting down
2021/06/20 02:07:42 [notice] 32#32: exiting
2021/06/20 02:07:42 [notice] 35#35: gracefully shutting down
2021/06/20 02:07:42 [notice] 34#34: exiting
2021/06/20 02:07:42 [notice] 33#33: exit
2021/06/20 02:07:42 [notice] 32#32: exit
2021/06/20 02:07:42 [notice] 35#35: exiting
2021/06/20 02:07:42 [notice] 34#34: exit
2021/06/20 02:07:42 [notice] 35#35: exit
2021/06/20 02:07:42 [notice] 1#1: signal 17 (SIGCHLD) received from 33
2021/06/20 02:07:42 [notice] 1#1: worker process 33 exited with code 0
2021/06/20 02:07:42 [notice] 1#1: signal 29 (SIGIO) received
2021/06/20 02:07:42 [notice] 1#1: signal 17 (SIGCHLD) received from 34
2021/06/20 02:07:42 [notice] 1#1: worker process 32 exited with code 0
2021/06/20 02:07:42 [notice] 1#1: worker process 34 exited with code 0
2021/06/20 02:07:42 [notice] 1#1: signal 29 (SIGIO) received
2021/06/20 02:07:42 [notice] 1#1: signal 17 (SIGCHLD) received from 35
2021/06/20 02:07:42 [notice] 1#1: worker process 35 exited with code 0
2021/06/20 02:07:42 [notice] 1#1: exit
2021/06/20 02:25:58 [warn] 1#1: conflicting server name "localhost" on 0.0.0.0:80, ignored
2021/06/20 02:25:58 [notice] 1#1: using the "epoll" event method
2021/06/20 02:25:58 [notice] 1#1: nginx/1.21.0
2021/06/20 02:25:58 [notice] 1#1: built by gcc 8.3.0 (Debian 8.3.0-6) 
2021/06/20 02:25:58 [notice] 1#1: OS: Linux 5.10.25-linuxkit
2021/06/20 02:25:58 [notice] 1#1: getrlimit(RLIMIT_NOFILE): 1048576:1048576
2021/06/20 02:25:58 [notice] 1#1: start worker processes
2021/06/20 02:25:58 [notice] 1#1: start worker process 33
2021/06/20 02:25:58 [notice] 1#1: start worker process 34
2021/06/20 02:25:58 [notice] 1#1: start worker process 35
2021/06/20 02:25:58 [notice] 1#1: start worker process 36
2021/06/20 02:26:31 [notice] 1#1: signal 3 (SIGQUIT) received, shutting down
2021/06/20 02:26:31 [notice] 33#33: gracefully shutting down
2021/06/20 02:26:31 [notice] 34#34: gracefully shutting down
2021/06/20 02:26:31 [notice] 34#34: exiting
2021/06/20 02:26:31 [notice] 36#36: gracefully shutting down
2021/06/20 02:26:31 [notice] 36#36: exiting
2021/06/20 02:26:31 [notice] 35#35: gracefully shutting down
2021/06/20 02:26:31 [notice] 33#33: exiting
2021/06/20 02:26:31 [notice] 34#34: exit
2021/06/20 02:26:31 [notice] 36#36: exit
2021/06/20 02:26:31 [notice] 35#35: exiting
2021/06/20 02:26:31 [notice] 33#33: exit
2021/06/20 02:26:31 [notice] 35#35: exit
2021/06/20 02:26:31 [notice] 1#1: signal 17 (SIGCHLD) received from 36
2021/06/20 02:26:31 [notice] 1#1: worker process 36 exited with code 0
2021/06/20 02:26:31 [notice] 1#1: worker process 34 exited with code 0
2021/06/20 02:26:31 [notice] 1#1: signal 29 (SIGIO) received
2021/06/20 02:26:31 [notice] 1#1: signal 17 (SIGCHLD) received from 34
2021/06/20 02:26:31 [notice] 1#1: worker process 33 exited with code 0
2021/06/20 02:26:31 [notice] 1#1: signal 29 (SIGIO) received
2021/06/20 02:26:31 [notice] 1#1: signal 17 (SIGCHLD) received from 35
2021/06/20 02:26:31 [notice] 1#1: worker process 35 exited with code 0
2021/06/20 02:26:31 [notice] 1#1: exit
2021/06/20 02:27:10 [warn] 1#1: conflicting server name "localhost" on 0.0.0.0:80, ignored
2021/06/20 02:27:10 [notice] 1#1: using the "epoll" event method
2021/06/20 02:27:10 [notice] 1#1: nginx/1.21.0
2021/06/20 02:27:10 [notice] 1#1: built by gcc 8.3.0 (Debian 8.3.0-6) 
2021/06/20 02:27:10 [notice] 1#1: OS: Linux 5.10.25-linuxkit
2021/06/20 02:27:10 [notice] 1#1: getrlimit(RLIMIT_NOFILE): 1048576:1048576
2021/06/20 02:27:10 [notice] 1#1: start worker processes
2021/06/20 02:27:10 [notice] 1#1: start worker process 32
2021/06/20 02:27:10 [notice] 1#1: start worker process 33
2021/06/20 02:27:10 [notice] 1#1: start worker process 34
2021/06/20 02:27:10 [notice] 1#1: start worker process 35
2021/06/20 02:28:24 [notice] 1#1: signal 3 (SIGQUIT) received, shutting down
2021/06/20 02:28:24 [notice] 33#33: gracefully shutting down
2021/06/20 02:28:24 [notice] 33#33: exiting
2021/06/20 02:28:24 [notice] 34#34: gracefully shutting down
2021/06/20 02:28:24 [notice] 32#32: gracefully shutting down
2021/06/20 02:28:24 [notice] 32#32: exiting
2021/06/20 02:28:24 [notice] 35#35: gracefully shutting down
2021/06/20 02:28:24 [notice] 35#35: exiting
2021/06/20 02:28:24 [notice] 33#33: exit
2021/06/20 02:28:24 [notice] 34#34: exiting
2021/06/20 02:28:24 [notice] 32#32: exit
2021/06/20 02:28:24 [notice] 35#35: exit
2021/06/20 02:28:24 [notice] 34#34: exit
2021/06/20 02:28:24 [notice] 1#1: signal 17 (SIGCHLD) received from 32
2021/06/20 02:28:24 [notice] 1#1: worker process 32 exited with code 0
2021/06/20 02:28:24 [notice] 1#1: signal 29 (SIGIO) received
2021/06/20 02:28:24 [notice] 1#1: signal 17 (SIGCHLD) received from 33
2021/06/20 02:28:24 [notice] 1#1: worker process 33 exited with code 0
2021/06/20 02:28:24 [notice] 1#1: signal 29 (SIGIO) received
2021/06/20 02:28:24 [notice] 1#1: signal 17 (SIGCHLD) received from 35
2021/06/20 02:28:24 [notice] 1#1: worker process 34 exited with code 0
2021/06/20 02:28:24 [notice] 1#1: worker process 35 exited with code 0
2021/06/20 02:28:24 [notice] 1#1: exit
2021/06/20 02:30:27 [warn] 1#1: conflicting server name "localhost" on 0.0.0.0:80, ignored
2021/06/20 02:30:27 [notice] 1#1: using the "epoll" event method
2021/06/20 02:30:27 [notice] 1#1: nginx/1.21.0
2021/06/20 02:30:27 [notice] 1#1: built by gcc 8.3.0 (Debian 8.3.0-6) 
2021/06/20 02:30:27 [notice] 1#1: OS: Linux 5.10.25-linuxkit
2021/06/20 02:30:27 [notice] 1#1: getrlimit(RLIMIT_NOFILE): 1048576:1048576
2021/06/20 02:30:27 [notice] 1#1: start worker processes
2021/06/20 02:30:27 [notice] 1#1: start worker process 32
2021/06/20 02:30:27 [notice] 1#1: start worker process 33
2021/06/20 02:30:27 [notice] 1#1: start worker process 34
2021/06/20 02:30:27 [notice] 1#1: start worker process 35
2021/06/20 08:56:06 [notice] 1#1: signal 3 (SIGQUIT) received, shutting down
2021/06/20 08:56:06 [notice] 32#32: gracefully shutting down
2021/06/20 08:56:06 [notice] 32#32: exiting
2021/06/20 08:56:06 [notice] 33#33: gracefully shutting down
2021/06/20 08:56:06 [notice] 33#33: exiting
2021/06/20 08:56:06 [notice] 34#34: gracefully shutting down
2021/06/20 08:56:06 [notice] 34#34: exiting
2021/06/20 08:56:06 [notice] 35#35: gracefully shutting down
2021/06/20 08:56:06 [notice] 32#32: exit
2021/06/20 08:56:06 [notice] 33#33: exit
2021/06/20 08:56:06 [notice] 34#34: exit
2021/06/20 08:56:06 [notice] 35#35: exiting
2021/06/20 08:56:06 [notice] 35#35: exit
2021/06/20 08:56:06 [notice] 1#1: signal 17 (SIGCHLD) received from 34
2021/06/20 08:56:06 [notice] 1#1: worker process 34 exited with code 0
2021/06/20 08:56:06 [notice] 1#1: worker process 33 exited with code 0
2021/06/20 08:56:06 [notice] 1#1: signal 29 (SIGIO) received
2021/06/20 08:56:06 [notice] 1#1: signal 17 (SIGCHLD) received from 33
2021/06/20 08:56:06 [notice] 1#1: worker process 32 exited with code 0
2021/06/20 08:56:06 [notice] 1#1: worker process 35 exited with code 0
2021/06/20 08:56:06 [notice] 1#1: exit
2021/06/20 10:10:42 [warn] 1#1: conflicting server name "localhost" on 0.0.0.0:80, ignored
2021/06/20 10:10:42 [notice] 1#1: using the "epoll" event method
2021/06/20 10:10:42 [notice] 1#1: nginx/1.21.0
2021/06/20 10:10:42 [notice] 1#1: built by gcc 8.3.0 (Debian 8.3.0-6) 
2021/06/20 10:10:42 [notice] 1#1: OS: Linux 5.10.25-linuxkit
2021/06/20 10:10:42 [notice] 1#1: getrlimit(RLIMIT_NOFILE): 1048576:1048576
2021/06/20 10:10:42 [notice] 1#1: start worker processes
2021/06/20 10:10:42 [notice] 1#1: start worker process 32
2021/06/20 10:10:42 [notice] 1#1: start worker process 33
2021/06/20 10:10:42 [notice] 1#1: start worker process 34
2021/06/20 10:10:42 [notice] 1#1: start worker process 35
2021/06/20 10:23:35 [notice] 1#1: signal 3 (SIGQUIT) received, shutting down
2021/06/20 10:23:35 [notice] 33#33: gracefully shutting down
2021/06/20 10:23:35 [notice] 32#32: gracefully shutting down
2021/06/20 10:23:35 [notice] 32#32: exiting
2021/06/20 10:23:35 [notice] 34#34: gracefully shutting down
2021/06/20 10:23:35 [notice] 35#35: gracefully shutting down
2021/06/20 10:23:35 [notice] 33#33: exiting
2021/06/20 10:23:35 [notice] 32#32: exit
2021/06/20 10:23:35 [notice] 34#34: exiting
2021/06/20 10:23:35 [notice] 35#35: exiting
2021/06/20 10:23:35 [notice] 35#35: exit
2021/06/20 10:23:35 [notice] 33#33: exit
2021/06/20 10:23:35 [notice] 34#34: exit
2021/06/20 10:23:35 [notice] 1#1: signal 17 (SIGCHLD) received from 32
2021/06/20 10:23:35 [notice] 1#1: worker process 32 exited with code 0
2021/06/20 10:23:35 [notice] 1#1: worker process 33 exited with code 0
2021/06/20 10:23:35 [notice] 1#1: signal 29 (SIGIO) received
2021/06/20 10:23:35 [notice] 1#1: signal 17 (SIGCHLD) received from 35
2021/06/20 10:23:35 [notice] 1#1: worker process 34 exited with code 0
2021/06/20 10:23:35 [notice] 1#1: worker process 35 exited with code 0
2021/06/20 10:23:35 [notice] 1#1: exit
2021/06/20 10:34:54 [warn] 1#1: conflicting server name "localhost" on 0.0.0.0:80, ignored
2021/06/20 10:34:54 [notice] 1#1: using the "epoll" event method
2021/06/20 10:34:54 [notice] 1#1: nginx/1.21.0
2021/06/20 10:34:54 [notice] 1#1: built by gcc 8.3.0 (Debian 8.3.0-6) 
2021/06/20 10:34:54 [notice] 1#1: OS: Linux 5.10.25-linuxkit
2021/06/20 10:34:54 [notice] 1#1: getrlimit(RLIMIT_NOFILE): 1048576:1048576
2021/06/20 10:34:54 [notice] 1#1: start worker processes
2021/06/20 10:34:54 [notice] 1#1: start worker process 31
2021/06/20 10:34:54 [notice] 1#1: start worker process 32
2021/06/20 10:34:54 [notice] 1#1: start worker process 33
2021/06/20 10:34:54 [notice] 1#1: start worker process 34
2021/06/20 10:35:27 [crit] 32#32: *2 connect() to unix:///app/tmp/sockets/puma.sock failed (2: No such file or directory) while connecting to upstream, client: 172.23.0.1, server: localhost, request: "GET / HTTP/1.1", upstream: "http://unix:///app/tmp/sockets/puma.sock:/", host: "localhost"
2021/06/20 10:35:27 [crit] 32#32: *2 connect() to unix:///app/tmp/sockets/puma.sock failed (2: No such file or directory) while connecting to upstream, client: 172.23.0.1, server: localhost, request: "GET /favicon.ico HTTP/1.1", upstream: "http://unix:///app/tmp/sockets/puma.sock:/favicon.ico", host: "localhost", referrer: "http://localhost/"
2021/06/20 10:52:09 [notice] 1#1: signal 3 (SIGQUIT) received, shutting down
2021/06/20 10:52:09 [notice] 31#31: gracefully shutting down
2021/06/20 10:52:09 [notice] 32#32: gracefully shutting down
2021/06/20 10:52:09 [notice] 32#32: exiting
2021/06/20 10:52:09 [notice] 33#33: gracefully shutting down
2021/06/20 10:52:09 [notice] 33#33: exiting
2021/06/20 10:52:09 [notice] 34#34: gracefully shutting down
2021/06/20 10:52:09 [notice] 31#31: exiting
2021/06/20 10:52:09 [notice] 32#32: exit
2021/06/20 10:52:09 [notice] 33#33: exit
2021/06/20 10:52:09 [notice] 34#34: exiting
2021/06/20 10:52:09 [notice] 31#31: exit
2021/06/20 10:52:09 [notice] 34#34: exit
2021/06/20 10:52:09 [notice] 1#1: signal 17 (SIGCHLD) received from 32
2021/06/20 10:52:09 [notice] 1#1: worker process 32 exited with code 0
2021/06/20 10:52:09 [notice] 1#1: signal 29 (SIGIO) received
2021/06/20 10:52:09 [notice] 1#1: signal 17 (SIGCHLD) received from 31
2021/06/20 10:52:09 [notice] 1#1: worker process 31 exited with code 0
2021/06/20 10:52:09 [notice] 1#1: worker process 33 exited with code 0
2021/06/20 10:52:09 [notice] 1#1: signal 29 (SIGIO) received
2021/06/20 10:52:09 [notice] 1#1: signal 17 (SIGCHLD) received from 34
2021/06/20 10:52:09 [notice] 1#1: worker process 34 exited with code 0
2021/06/20 10:52:09 [notice] 1#1: exit
2021/06/20 10:54:47 [warn] 1#1: conflicting server name "localhost" on 0.0.0.0:80, ignored
2021/06/20 10:54:47 [notice] 1#1: using the "epoll" event method
2021/06/20 10:54:47 [notice] 1#1: nginx/1.21.0
2021/06/20 10:54:47 [notice] 1#1: built by gcc 8.3.0 (Debian 8.3.0-6) 
2021/06/20 10:54:47 [notice] 1#1: OS: Linux 5.10.25-linuxkit
2021/06/20 10:54:47 [notice] 1#1: getrlimit(RLIMIT_NOFILE): 1048576:1048576
2021/06/20 10:54:47 [notice] 1#1: start worker processes
2021/06/20 10:54:47 [notice] 1#1: start worker process 32
2021/06/20 10:54:47 [notice] 1#1: start worker process 33
2021/06/20 10:54:47 [notice] 1#1: start worker process 34
2021/06/20 10:54:47 [notice] 1#1: start worker process 35
2021/06/20 10:55:27 [crit] 32#32: *1 connect() to unix:///app/tmp/sockets/puma.sock failed (2: No such file or directory) while connecting to upstream, client: 172.24.0.1, server: localhost, request: "GET / HTTP/1.1", upstream: "http://unix:///app/tmp/sockets/puma.sock:/", host: "localhost"
2021/06/20 10:55:27 [crit] 32#32: *1 connect() to unix:///app/tmp/sockets/puma.sock failed (2: No such file or directory) while connecting to upstream, client: 172.24.0.1, server: localhost, request: "GET /favicon.ico HTTP/1.1", upstream: "http://unix:///app/tmp/sockets/puma.sock:/favicon.ico", host: "localhost", referrer: "http://localhost/"
2021/06/20 10:55:31 [crit] 32#32: *1 connect() to unix:///app/tmp/sockets/puma.sock failed (2: No such file or directory) while connecting to upstream, client: 172.24.0.1, server: localhost, request: "GET / HTTP/1.1", upstream: "http://unix:///app/tmp/sockets/puma.sock:/", host: "localhost"
2021/06/20 10:55:31 [crit] 32#32: *1 connect() to unix:///app/tmp/sockets/puma.sock failed (2: No such file or directory) while connecting to upstream, client: 172.24.0.1, server: localhost, request: "GET /favicon.ico HTTP/1.1", upstream: "http://unix:///app/tmp/sockets/puma.sock:/favicon.ico", host: "localhost", referrer: "http://localhost/"
2021/06/20 10:58:57 [notice] 1#1: signal 3 (SIGQUIT) received, shutting down
2021/06/20 10:58:57 [notice] 32#32: gracefully shutting down
2021/06/20 10:58:57 [notice] 34#34: gracefully shutting down
2021/06/20 10:58:57 [notice] 33#33: gracefully shutting down
2021/06/20 10:58:57 [notice] 35#35: gracefully shutting down
2021/06/20 10:58:57 [notice] 32#32: exiting
2021/06/20 10:58:57 [notice] 34#34: exiting
2021/06/20 10:58:57 [notice] 33#33: exiting
2021/06/20 10:58:57 [notice] 35#35: exiting
2021/06/20 10:58:57 [notice] 32#32: exit
2021/06/20 10:58:57 [notice] 34#34: exit
2021/06/20 10:58:57 [notice] 33#33: exit
2021/06/20 10:58:57 [notice] 35#35: exit
2021/06/20 10:58:57 [notice] 1#1: signal 17 (SIGCHLD) received from 33
2021/06/20 10:58:57 [notice] 1#1: worker process 32 exited with code 0
2021/06/20 10:58:57 [notice] 1#1: worker process 33 exited with code 0
2021/06/20 10:58:57 [notice] 1#1: worker process 34 exited with code 0
2021/06/20 10:58:57 [notice] 1#1: signal 17 (SIGCHLD) received from 35
2021/06/20 10:58:57 [notice] 1#1: worker process 35 exited with code 0
2021/06/20 10:58:57 [notice] 1#1: exit
2021/06/20 12:00:14 [warn] 1#1: conflicting server name "localhost" on 0.0.0.0:80, ignored
2021/06/20 12:00:14 [notice] 1#1: using the "epoll" event method
2021/06/20 12:00:14 [notice] 1#1: nginx/1.21.0
2021/06/20 12:00:14 [notice] 1#1: built by gcc 8.3.0 (Debian 8.3.0-6) 
2021/06/20 12:00:14 [notice] 1#1: OS: Linux 5.10.25-linuxkit
2021/06/20 12:00:14 [notice] 1#1: getrlimit(RLIMIT_NOFILE): 1048576:1048576
2021/06/20 12:00:14 [notice] 1#1: start worker processes
2021/06/20 12:00:14 [notice] 1#1: start worker process 34
2021/06/20 12:00:14 [notice] 1#1: start worker process 35
2021/06/20 12:00:14 [notice] 1#1: start worker process 36
2021/06/20 12:00:14 [notice] 1#1: start worker process 37
2021/06/20 12:00:28 [crit] 34#34: *1 connect() to unix:///app/tmp/sockets/puma.sock failed (2: No such file or directory) while connecting to upstream, client: 172.25.0.1, server: localhost, request: "GET / HTTP/1.1", upstream: "http://unix:///app/tmp/sockets/puma.sock:/", host: "localhost"
2021/06/20 12:00:29 [crit] 34#34: *1 connect() to unix:///app/tmp/sockets/puma.sock failed (2: No such file or directory) while connecting to upstream, client: 172.25.0.1, server: localhost, request: "GET /favicon.ico HTTP/1.1", upstream: "http://unix:///app/tmp/sockets/puma.sock:/favicon.ico", host: "localhost", referrer: "http://localhost/"
2021/06/20 12:06:50 [notice] 1#1: signal 3 (SIGQUIT) received, shutting down
2021/06/20 12:06:50 [notice] 34#34: gracefully shutting down
2021/06/20 12:06:50 [notice] 34#34: exiting
2021/06/20 12:06:50 [notice] 35#35: gracefully shutting down
2021/06/20 12:06:50 [notice] 36#36: gracefully shutting down
2021/06/20 12:06:50 [notice] 36#36: exiting
2021/06/20 12:06:50 [notice] 37#37: gracefully shutting down
2021/06/20 12:06:50 [notice] 37#37: exiting
2021/06/20 12:06:50 [notice] 34#34: exit
2021/06/20 12:06:50 [notice] 35#35: exiting
2021/06/20 12:06:50 [notice] 36#36: exit
2021/06/20 12:06:50 [notice] 37#37: exit
2021/06/20 12:06:50 [notice] 35#35: exit
2021/06/20 12:06:50 [notice] 1#1: signal 17 (SIGCHLD) received from 34
2021/06/20 12:06:50 [notice] 1#1: worker process 34 exited with code 0
2021/06/20 12:06:50 [notice] 1#1: signal 29 (SIGIO) received
2021/06/20 12:06:50 [notice] 1#1: signal 17 (SIGCHLD) received from 36
2021/06/20 12:06:50 [notice] 1#1: worker process 36 exited with code 0
2021/06/20 12:06:50 [notice] 1#1: signal 29 (SIGIO) received
2021/06/20 12:06:50 [notice] 1#1: signal 17 (SIGCHLD) received from 37
2021/06/20 12:06:50 [notice] 1#1: worker process 37 exited with code 0
2021/06/20 12:06:50 [notice] 1#1: signal 29 (SIGIO) received
2021/06/20 12:06:50 [notice] 1#1: signal 17 (SIGCHLD) received from 35
2021/06/20 12:06:50 [notice] 1#1: worker process 35 exited with code 0
2021/06/20 12:06:50 [notice] 1#1: exit
2021/06/20 12:07:26 [warn] 1#1: conflicting server name "localhost" on 0.0.0.0:80, ignored
2021/06/20 12:07:26 [notice] 1#1: using the "epoll" event method
2021/06/20 12:07:26 [notice] 1#1: nginx/1.21.0
2021/06/20 12:07:26 [notice] 1#1: built by gcc 8.3.0 (Debian 8.3.0-6) 
2021/06/20 12:07:26 [notice] 1#1: OS: Linux 5.10.25-linuxkit
2021/06/20 12:07:26 [notice] 1#1: getrlimit(RLIMIT_NOFILE): 1048576:1048576
2021/06/20 12:07:26 [notice] 1#1: start worker processes
2021/06/20 12:07:26 [notice] 1#1: start worker process 32
2021/06/20 12:07:26 [notice] 1#1: start worker process 33
2021/06/20 12:07:26 [notice] 1#1: start worker process 34
2021/06/20 12:07:26 [notice] 1#1: start worker process 35
2021/06/20 12:07:46 [crit] 33#33: *2 connect() to unix:///app/tmp/sockets/puma.sock failed (2: No such file or directory) while connecting to upstream, client: 172.26.0.1, server: localhost, request: "GET / HTTP/1.1", upstream: "http://unix:///app/tmp/sockets/puma.sock:/", host: "localhost"
2021/06/20 12:07:46 [crit] 33#33: *2 connect() to unix:///app/tmp/sockets/puma.sock failed (2: No such file or directory) while connecting to upstream, client: 172.26.0.1, server: localhost, request: "GET /favicon.ico HTTP/1.1", upstream: "http://unix:///app/tmp/sockets/puma.sock:/favicon.ico", host: "localhost", referrer: "http://localhost/"
2021/06/20 12:08:07 [notice] 1#1: signal 3 (SIGQUIT) received, shutting down
2021/06/20 12:08:07 [notice] 33#33: gracefully shutting down
2021/06/20 12:08:07 [notice] 32#32: gracefully shutting down
2021/06/20 12:08:07 [notice] 34#34: gracefully shutting down
2021/06/20 12:08:07 [notice] 34#34: exiting
2021/06/20 12:08:07 [notice] 35#35: gracefully shutting down
2021/06/20 12:08:07 [notice] 33#33: exiting
2021/06/20 12:08:07 [notice] 34#34: exit
2021/06/20 12:08:07 [notice] 35#35: exiting
2021/06/20 12:08:07 [notice] 33#33: exit
2021/06/20 12:08:07 [notice] 35#35: exit
2021/06/20 12:08:07 [notice] 1#1: signal 17 (SIGCHLD) received from 34
2021/06/20 12:08:07 [notice] 1#1: worker process 34 exited with code 0
2021/06/20 12:08:07 [notice] 1#1: signal 29 (SIGIO) received
2021/06/20 12:08:07 [notice] 1#1: signal 17 (SIGCHLD) received from 33
2021/06/20 12:08:07 [notice] 1#1: worker process 33 exited with code 0
2021/06/20 12:08:07 [notice] 1#1: worker process 35 exited with code 0
2021/06/20 12:08:07 [notice] 1#1: signal 29 (SIGIO) received
2021/06/20 12:11:22 [warn] 1#1: conflicting server name "localhost" on 0.0.0.0:80, ignored
2021/06/20 12:11:22 [notice] 1#1: using the "epoll" event method
2021/06/20 12:11:22 [notice] 1#1: nginx/1.21.0
2021/06/20 12:11:22 [notice] 1#1: built by gcc 8.3.0 (Debian 8.3.0-6) 
2021/06/20 12:11:22 [notice] 1#1: OS: Linux 5.10.25-linuxkit
2021/06/20 12:11:22 [notice] 1#1: getrlimit(RLIMIT_NOFILE): 1048576:1048576
2021/06/20 12:11:22 [notice] 1#1: start worker processes
2021/06/20 12:11:22 [notice] 1#1: start worker process 31
2021/06/20 12:11:22 [notice] 1#1: start worker process 32
2021/06/20 12:11:22 [notice] 1#1: start worker process 33
2021/06/20 12:11:22 [notice] 1#1: start worker process 34
2021/06/20 12:11:29 [crit] 31#31: *1 connect() to unix:///app/tmp/sockets/puma.sock failed (2: No such file or directory) while connecting to upstream, client: 172.27.0.1, server: localhost, request: "GET / HTTP/1.1", upstream: "http://unix:///app/tmp/sockets/puma.sock:/", host: "localhost"
2021/06/20 12:11:29 [crit] 31#31: *1 connect() to unix:///app/tmp/sockets/puma.sock failed (2: No such file or directory) while connecting to upstream, client: 172.27.0.1, server: localhost, request: "GET /favicon.ico HTTP/1.1", upstream: "http://unix:///app/tmp/sockets/puma.sock:/favicon.ico", host: "localhost", referrer: "http://localhost/"
2021/06/21 11:32:30 [crit] 31#31: *6 connect() to unix:///app/tmp/sockets/puma.sock failed (2: No such file or directory) while connecting to upstream, client: 172.27.0.1, server: localhost, request: "GET / HTTP/1.1", upstream: "http://unix:///app/tmp/sockets/puma.sock:/", host: "localhost"
2021/06/21 11:32:30 [crit] 31#31: *6 connect() to unix:///app/tmp/sockets/puma.sock failed (2: No such file or directory) while connecting to upstream, client: 172.27.0.1, server: localhost, request: "GET /favicon.ico HTTP/1.1", upstream: "http://unix:///app/tmp/sockets/puma.sock:/favicon.ico", host: "localhost", referrer: "http://localhost/"
2021/06/21 11:34:48 [notice] 1#1: signal 3 (SIGQUIT) received, shutting down
2021/06/21 11:34:48 [notice] 33#33: gracefully shutting down
2021/06/21 11:34:48 [notice] 33#33: exiting
2021/06/21 11:34:48 [notice] 31#31: gracefully shutting down
2021/06/21 11:34:48 [notice] 34#34: gracefully shutting down
2021/06/21 11:34:48 [notice] 32#32: gracefully shutting down
2021/06/21 11:34:48 [notice] 33#33: exit
2021/06/21 11:34:48 [notice] 31#31: exiting
2021/06/21 11:34:48 [notice] 34#34: exiting
2021/06/21 11:34:48 [notice] 32#32: exiting
2021/06/21 11:34:48 [notice] 31#31: exit
2021/06/21 11:34:48 [notice] 34#34: exit
2021/06/21 11:34:48 [notice] 32#32: exit
2021/06/21 11:34:48 [notice] 1#1: signal 17 (SIGCHLD) received from 33
2021/06/21 11:34:48 [notice] 1#1: worker process 33 exited with code 0
2021/06/21 11:34:48 [notice] 1#1: signal 29 (SIGIO) received
2021/06/21 11:34:48 [notice] 1#1: signal 17 (SIGCHLD) received from 31
2021/06/21 11:34:48 [notice] 1#1: worker process 31 exited with code 0
2021/06/21 11:34:48 [notice] 1#1: signal 29 (SIGIO) received
2021/06/21 11:34:48 [notice] 1#1: signal 17 (SIGCHLD) received from 34
2021/06/21 11:34:48 [notice] 1#1: worker process 32 exited with code 0
2021/06/21 11:34:48 [notice] 1#1: worker process 34 exited with code 0
2021/06/21 11:34:48 [notice] 1#1: exit
2021/06/21 11:48:00 [warn] 1#1: conflicting server name "localhost" on 0.0.0.0:80, ignored
2021/06/21 11:48:00 [notice] 1#1: using the "epoll" event method
2021/06/21 11:48:00 [notice] 1#1: nginx/1.21.0
2021/06/21 11:48:00 [notice] 1#1: built by gcc 8.3.0 (Debian 8.3.0-6) 
2021/06/21 11:48:00 [notice] 1#1: OS: Linux 5.10.25-linuxkit
2021/06/21 11:48:00 [notice] 1#1: getrlimit(RLIMIT_NOFILE): 1048576:1048576
2021/06/21 11:48:00 [notice] 1#1: start worker processes
2021/06/21 11:48:00 [notice] 1#1: start worker process 31
2021/06/21 11:48:00 [notice] 1#1: start worker process 32
2021/06/21 11:48:00 [notice] 1#1: start worker process 33
2021/06/21 11:48:00 [notice] 1#1: start worker process 34
2021/06/21 12:26:35 [crit] 31#31: *1 connect() to unix:///app/tmp/sockets/puma.sock failed (2: No such file or directory) while connecting to upstream, client: 172.28.0.1, server: localhost, request: "GET / HTTP/1.1", upstream: "http://unix:///app/tmp/sockets/puma.sock:/", host: "localhost"
2021/06/21 12:26:35 [crit] 31#31: *1 connect() to unix:///app/tmp/sockets/puma.sock failed (2: No such file or directory) while connecting to upstream, client: 172.28.0.1, server: localhost, request: "GET /favicon.ico HTTP/1.1", upstream: "http://unix:///app/tmp/sockets/puma.sock:/favicon.ico", host: "localhost", referrer: "http://localhost/"
2021/06/24 15:11:21 [notice] 1#1: signal 3 (SIGQUIT) received, shutting down
2021/06/24 15:11:21 [notice] 31#31: gracefully shutting down
2021/06/24 15:11:21 [notice] 31#31: exiting
2021/06/24 15:11:21 [notice] 33#33: gracefully shutting down
2021/06/24 15:11:21 [notice] 34#34: gracefully shutting down
2021/06/24 15:11:21 [notice] 32#32: gracefully shutting down
2021/06/24 15:11:21 [notice] 31#31: exit
2021/06/24 15:11:21 [notice] 33#33: exiting
2021/06/24 15:11:21 [notice] 34#34: exiting
2021/06/24 15:11:21 [notice] 32#32: exiting
2021/06/24 15:11:21 [notice] 33#33: exit
2021/06/24 15:11:21 [notice] 34#34: exit
2021/06/24 15:11:21 [notice] 32#32: exit
2021/06/24 15:11:21 [notice] 1#1: signal 17 (SIGCHLD) received from 31
2021/06/24 15:11:21 [notice] 1#1: worker process 31 exited with code 0
2021/06/24 15:11:21 [notice] 1#1: signal 29 (SIGIO) received
2021/06/24 15:11:21 [notice] 1#1: signal 17 (SIGCHLD) received from 33
2021/06/24 15:11:21 [notice] 1#1: worker process 32 exited with code 0
2021/06/24 15:11:21 [notice] 1#1: worker process 33 exited with code 0
2021/06/24 15:11:21 [notice] 1#1: worker process 34 exited with code 0
2021/06/24 15:11:21 [notice] 1#1: exit
2021/06/26 01:04:04 [warn] 1#1: conflicting server name "localhost" on 0.0.0.0:80, ignored
2021/06/26 01:04:04 [notice] 1#1: using the "epoll" event method
2021/06/26 01:04:04 [notice] 1#1: nginx/1.21.0
2021/06/26 01:04:04 [notice] 1#1: built by gcc 8.3.0 (Debian 8.3.0-6) 
2021/06/26 01:04:04 [notice] 1#1: OS: Linux 5.10.25-linuxkit
2021/06/26 01:04:04 [notice] 1#1: getrlimit(RLIMIT_NOFILE): 1048576:1048576
2021/06/26 01:04:04 [notice] 1#1: start worker processes
2021/06/26 01:04:04 [notice] 1#1: start worker process 33
2021/06/26 01:04:04 [notice] 1#1: start worker process 34
2021/06/26 01:04:04 [notice] 1#1: start worker process 35
2021/06/26 01:04:04 [notice] 1#1: start worker process 36
2021/06/26 01:04:13 [crit] 33#33: *1 connect() to unix:///app/tmp/sockets/puma.sock failed (2: No such file or directory) while connecting to upstream, client: 172.29.0.1, server: localhost, request: "GET / HTTP/1.1", upstream: "http://unix:///app/tmp/sockets/puma.sock:/", host: "localhost"
2021/06/26 01:04:13 [crit] 33#33: *1 connect() to unix:///app/tmp/sockets/puma.sock failed (2: No such file or directory) while connecting to upstream, client: 172.29.0.1, server: localhost, request: "GET /favicon.ico HTTP/1.1", upstream: "http://unix:///app/tmp/sockets/puma.sock:/favicon.ico", host: "localhost", referrer: "http://localhost/"
2021/06/26 01:08:22 [notice] 1#1: signal 3 (SIGQUIT) received, shutting down
2021/06/26 01:08:22 [notice] 33#33: gracefully shutting down
2021/06/26 01:08:22 [notice] 33#33: exiting
2021/06/26 01:08:22 [notice] 34#34: gracefully shutting down
2021/06/26 01:08:22 [notice] 34#34: exiting
2021/06/26 01:08:22 [notice] 35#35: gracefully shutting down
2021/06/26 01:08:22 [notice] 35#35: exiting
2021/06/26 01:08:22 [notice] 36#36: gracefully shutting down
2021/06/26 01:08:22 [notice] 33#33: exit
2021/06/26 01:08:22 [notice] 34#34: exit
2021/06/26 01:08:22 [notice] 35#35: exit
2021/06/26 01:08:22 [notice] 36#36: exiting
2021/06/26 01:08:22 [notice] 36#36: exit
2021/06/26 01:08:22 [notice] 1#1: signal 17 (SIGCHLD) received from 33
2021/06/26 01:08:22 [notice] 1#1: worker process 33 exited with code 0
2021/06/26 01:08:22 [notice] 1#1: signal 29 (SIGIO) received
2021/06/26 01:08:22 [notice] 1#1: signal 17 (SIGCHLD) received from 34
2021/06/26 01:08:22 [notice] 1#1: worker process 34 exited with code 0
2021/06/26 01:08:22 [notice] 1#1: worker process 35 exited with code 0
2021/06/26 01:08:22 [notice] 1#1: signal 29 (SIGIO) received
2021/06/26 01:08:22 [notice] 1#1: signal 17 (SIGCHLD) received from 36
2021/06/26 01:08:22 [notice] 1#1: worker process 36 exited with code 0
2021/06/26 01:08:22 [notice] 1#1: exit
2021/06/26 01:09:03 [warn] 1#1: conflicting server name "localhost" on 0.0.0.0:80, ignored
2021/06/26 01:09:03 [notice] 1#1: using the "epoll" event method
2021/06/26 01:09:03 [notice] 1#1: nginx/1.21.0
2021/06/26 01:09:03 [notice] 1#1: built by gcc 8.3.0 (Debian 8.3.0-6) 
2021/06/26 01:09:03 [notice] 1#1: OS: Linux 5.10.25-linuxkit
2021/06/26 01:09:03 [notice] 1#1: getrlimit(RLIMIT_NOFILE): 1048576:1048576
2021/06/26 01:09:03 [notice] 1#1: start worker processes
2021/06/26 01:09:03 [notice] 1#1: start worker process 32
2021/06/26 01:09:03 [notice] 1#1: start worker process 33
2021/06/26 01:09:03 [notice] 1#1: start worker process 34
2021/06/26 01:09:03 [notice] 1#1: start worker process 35
2021/06/26 01:09:09 [crit] 32#32: *2 connect() to unix:///app/tmp/sockets/puma.sock failed (2: No such file or directory) while connecting to upstream, client: 172.30.0.1, server: localhost, request: "GET / HTTP/1.1", upstream: "http://unix:///app/tmp/sockets/puma.sock:/", host: "localhost:8080"
2021/06/26 01:09:09 [crit] 32#32: *2 connect() to unix:///app/tmp/sockets/puma.sock failed (2: No such file or directory) while connecting to upstream, client: 172.30.0.1, server: localhost, request: "GET /favicon.ico HTTP/1.1", upstream: "http://unix:///app/tmp/sockets/puma.sock:/favicon.ico", host: "localhost:8080", referrer: "http://localhost:8080/"
2021/06/26 01:14:17 [notice] 1#1: signal 3 (SIGQUIT) received, shutting down
2021/06/26 01:14:17 [notice] 32#32: gracefully shutting down
2021/06/26 01:14:17 [notice] 34#34: gracefully shutting down
2021/06/26 01:14:17 [notice] 33#33: gracefully shutting down
2021/06/26 01:14:17 [notice] 33#33: exiting
2021/06/26 01:14:17 [notice] 35#35: gracefully shutting down
2021/06/26 01:14:17 [notice] 32#32: exiting
2021/06/26 01:14:17 [notice] 34#34: exiting
2021/06/26 01:14:17 [notice] 33#33: exit
2021/06/26 01:14:17 [notice] 35#35: exiting
2021/06/26 01:14:17 [notice] 32#32: exit
2021/06/26 01:14:17 [notice] 34#34: exit
2021/06/26 01:14:17 [notice] 35#35: exit
2021/06/26 01:14:17 [notice] 1#1: signal 17 (SIGCHLD) received from 33
2021/06/26 01:14:17 [notice] 1#1: worker process 33 exited with code 0
2021/06/26 01:14:17 [notice] 1#1: signal 29 (SIGIO) received
2021/06/26 01:14:17 [notice] 1#1: signal 17 (SIGCHLD) received from 34
2021/06/26 01:14:17 [notice] 1#1: worker process 32 exited with code 0
2021/06/26 01:14:17 [notice] 1#1: worker process 34 exited with code 0
2021/06/26 01:14:17 [notice] 1#1: worker process 35 exited with code 0
2021/06/26 01:14:17 [notice] 1#1: exit
2021/06/26 01:15:06 [warn] 1#1: conflicting server name "localhost" on 0.0.0.0:80, ignored
2021/06/26 01:15:06 [notice] 1#1: using the "epoll" event method
2021/06/26 01:15:06 [notice] 1#1: nginx/1.21.0
2021/06/26 01:15:06 [notice] 1#1: built by gcc 8.3.0 (Debian 8.3.0-6) 
2021/06/26 01:15:06 [notice] 1#1: OS: Linux 5.10.25-linuxkit
2021/06/26 01:15:06 [notice] 1#1: getrlimit(RLIMIT_NOFILE): 1048576:1048576
2021/06/26 01:15:06 [notice] 1#1: start worker processes
2021/06/26 01:15:06 [notice] 1#1: start worker process 33
2021/06/26 01:15:06 [notice] 1#1: start worker process 34
2021/06/26 01:15:06 [notice] 1#1: start worker process 35
2021/06/26 01:15:06 [notice] 1#1: start worker process 36
2021/06/26 01:16:16 [notice] 1#1: signal 3 (SIGQUIT) received, shutting down
2021/06/26 01:16:16 [notice] 33#33: gracefully shutting down
2021/06/26 01:16:16 [notice] 34#34: gracefully shutting down
2021/06/26 01:16:16 [notice] 34#34: exiting
2021/06/26 01:16:16 [notice] 35#35: gracefully shutting down
2021/06/26 01:16:16 [notice] 36#36: gracefully shutting down
2021/06/26 01:16:16 [notice] 36#36: exiting
2021/06/26 01:16:16 [notice] 33#33: exiting
2021/06/26 01:16:16 [notice] 34#34: exit
2021/06/26 01:16:16 [notice] 35#35: exiting
2021/06/26 01:16:16 [notice] 36#36: exit
2021/06/26 01:16:16 [notice] 33#33: exit
2021/06/26 01:16:16 [notice] 35#35: exit
2021/06/26 01:16:16 [notice] 1#1: signal 17 (SIGCHLD) received from 34
2021/06/26 01:16:16 [notice] 1#1: worker process 34 exited with code 0
2021/06/26 01:16:16 [notice] 1#1: signal 29 (SIGIO) received
2021/06/26 01:16:16 [notice] 1#1: signal 17 (SIGCHLD) received from 33
2021/06/26 01:16:16 [notice] 1#1: worker process 33 exited with code 0
2021/06/26 01:16:16 [notice] 1#1: worker process 36 exited with code 0
2021/06/26 01:16:16 [notice] 1#1: signal 29 (SIGIO) received
2021/06/26 01:16:16 [notice] 1#1: signal 17 (SIGCHLD) received from 35
2021/06/26 01:16:16 [notice] 1#1: worker process 35 exited with code 0
2021/06/26 01:16:16 [notice] 1#1: exit
2021/06/27 01:31:11 [notice] 1#1: using the "epoll" event method
2021/06/27 01:31:11 [notice] 1#1: nginx/1.21.0
2021/06/27 01:31:11 [notice] 1#1: built by gcc 8.3.0 (Debian 8.3.0-6) 
2021/06/27 01:31:11 [notice] 1#1: OS: Linux 5.10.25-linuxkit
2021/06/27 01:31:11 [notice] 1#1: getrlimit(RLIMIT_NOFILE): 1048576:1048576
2021/06/27 01:31:11 [notice] 1#1: start worker processes
2021/06/27 01:31:11 [notice] 1#1: start worker process 31
2021/06/27 01:31:11 [notice] 1#1: start worker process 32
2021/06/27 01:31:11 [notice] 1#1: start worker process 33
2021/06/27 01:31:11 [notice] 1#1: start worker process 34
2021/06/27 01:31:32 [error] 32#32: *1 connect() failed (111: Connection refused) while connecting to upstream, client: 192.168.32.1, server: localhost, request: "GET / HTTP/1.1", upstream: "http://192.168.32.3:3000/", host: "localhost:8080"
2021/06/27 01:31:32 [error] 32#32: *1 connect() failed (111: Connection refused) while connecting to upstream, client: 192.168.32.1, server: localhost, request: "GET /favicon.ico HTTP/1.1", upstream: "http://192.168.32.3:3000/favicon.ico", host: "localhost:8080", referrer: "http://localhost:8080/"
2021/06/27 02:54:28 [notice] 1#1: signal 3 (SIGQUIT) received, shutting down
2021/06/27 02:54:28 [notice] 32#32: gracefully shutting down
2021/06/27 02:54:28 [notice] 32#32: exiting
2021/06/27 02:54:28 [notice] 33#33: gracefully shutting down
2021/06/27 02:54:28 [notice] 33#33: exiting
2021/06/27 02:54:28 [notice] 31#31: gracefully shutting down
2021/06/27 02:54:28 [notice] 34#34: gracefully shutting down
2021/06/27 02:54:28 [notice] 34#34: exiting
2021/06/27 02:54:28 [notice] 32#32: exit
2021/06/27 02:54:28 [notice] 33#33: exit
2021/06/27 02:54:28 [notice] 31#31: exiting
2021/06/27 02:54:28 [notice] 34#34: exit
2021/06/27 02:54:28 [notice] 31#31: exit
2021/06/27 02:54:28 [notice] 1#1: signal 17 (SIGCHLD) received from 32
2021/06/27 02:54:28 [notice] 1#1: worker process 32 exited with code 0
2021/06/27 02:54:28 [notice] 1#1: worker process 33 exited with code 0
2021/06/27 02:54:28 [notice] 1#1: signal 29 (SIGIO) received
2021/06/27 02:54:28 [notice] 1#1: signal 17 (SIGCHLD) received from 34
2021/06/27 02:54:28 [notice] 1#1: worker process 31 exited with code 0
2021/06/27 02:54:28 [notice] 1#1: worker process 34 exited with code 0
2021/06/27 02:54:28 [notice] 1#1: exit
2021/06/27 03:31:03 [notice] 1#1: using the "epoll" event method
2021/06/27 03:31:03 [notice] 1#1: nginx/1.21.0
2021/06/27 03:31:03 [notice] 1#1: built by gcc 8.3.0 (Debian 8.3.0-6) 
2021/06/27 03:31:03 [notice] 1#1: OS: Linux 5.10.25-linuxkit
2021/06/27 03:31:03 [notice] 1#1: getrlimit(RLIMIT_NOFILE): 1048576:1048576
2021/06/27 03:31:03 [notice] 1#1: start worker processes
2021/06/27 03:31:03 [notice] 1#1: start worker process 33
2021/06/27 03:31:03 [notice] 1#1: start worker process 34
2021/06/27 03:31:03 [notice] 1#1: start worker process 35
2021/06/27 03:31:03 [notice] 1#1: start worker process 36
2021/06/27 03:32:34 [notice] 1#1: signal 3 (SIGQUIT) received, shutting down
2021/06/27 03:32:34 [notice] 33#33: gracefully shutting down
2021/06/27 03:32:34 [notice] 34#34: gracefully shutting down
2021/06/27 03:32:34 [notice] 35#35: gracefully shutting down
2021/06/27 03:32:34 [notice] 35#35: exiting
2021/06/27 03:32:34 [notice] 36#36: gracefully shutting down
2021/06/27 03:32:34 [notice] 36#36: exiting
2021/06/27 03:32:34 [notice] 33#33: exiting
2021/06/27 03:32:34 [notice] 34#34: exiting
2021/06/27 03:32:34 [notice] 35#35: exit
2021/06/27 03:32:34 [notice] 36#36: exit
2021/06/27 03:32:34 [notice] 33#33: exit
2021/06/27 03:32:34 [notice] 34#34: exit
2021/06/27 03:32:34 [notice] 1#1: signal 17 (SIGCHLD) received from 33
2021/06/27 03:32:34 [notice] 1#1: worker process 33 exited with code 0
2021/06/27 03:32:34 [notice] 1#1: worker process 36 exited with code 0
2021/06/27 03:32:34 [notice] 1#1: signal 29 (SIGIO) received
2021/06/27 03:32:34 [notice] 1#1: signal 17 (SIGCHLD) received from 36
2021/06/27 03:32:34 [notice] 1#1: worker process 34 exited with code 0
2021/06/27 03:32:34 [notice] 1#1: worker process 35 exited with code 0
2021/06/27 03:32:34 [notice] 1#1: exit
2021/06/27 03:33:07 [notice] 1#1: using the "epoll" event method
2021/06/27 03:33:07 [notice] 1#1: nginx/1.21.0
2021/06/27 03:33:07 [notice] 1#1: built by gcc 8.3.0 (Debian 8.3.0-6) 
2021/06/27 03:33:07 [notice] 1#1: OS: Linux 5.10.25-linuxkit
2021/06/27 03:33:07 [notice] 1#1: getrlimit(RLIMIT_NOFILE): 1048576:1048576
2021/06/27 03:33:07 [notice] 1#1: start worker processes
2021/06/27 03:33:07 [notice] 1#1: start worker process 33
2021/06/27 03:33:07 [notice] 1#1: start worker process 34
2021/06/27 03:33:07 [notice] 1#1: start worker process 35
2021/06/27 03:33:07 [notice] 1#1: start worker process 36
2021/06/27 03:37:33 [notice] 1#1: signal 3 (SIGQUIT) received, shutting down
2021/06/27 03:37:33 [notice] 34#34: gracefully shutting down
2021/06/27 03:37:33 [notice] 33#33: gracefully shutting down
2021/06/27 03:37:33 [notice] 35#35: gracefully shutting down
2021/06/27 03:37:33 [notice] 36#36: gracefully shutting down
2021/06/27 03:37:33 [notice] 34#34: exiting
2021/06/27 03:37:33 [notice] 33#33: exiting
2021/06/27 03:37:33 [notice] 35#35: exiting
2021/06/27 03:37:33 [notice] 36#36: exiting
2021/06/27 03:37:33 [notice] 34#34: exit
2021/06/27 03:37:33 [notice] 33#33: exit
2021/06/27 03:37:33 [notice] 35#35: exit
2021/06/27 03:37:33 [notice] 36#36: exit
2021/06/27 03:37:33 [notice] 1#1: signal 17 (SIGCHLD) received from 34
2021/06/27 03:37:33 [notice] 1#1: worker process 34 exited with code 0
2021/06/27 03:37:33 [notice] 1#1: signal 29 (SIGIO) received
2021/06/27 03:37:33 [notice] 1#1: signal 17 (SIGCHLD) received from 33
2021/06/27 03:37:33 [notice] 1#1: worker process 33 exited with code 0
2021/06/27 03:37:33 [notice] 1#1: worker process 35 exited with code 0
2021/06/27 03:37:33 [notice] 1#1: worker process 36 exited with code 0
2021/06/27 03:37:33 [notice] 1#1: exit
2021/06/27 04:44:31 [notice] 1#1: using the "epoll" event method
2021/06/27 04:44:31 [notice] 1#1: nginx/1.21.0
2021/06/27 04:44:31 [notice] 1#1: built by gcc 8.3.0 (Debian 8.3.0-6) 
2021/06/27 04:44:31 [notice] 1#1: OS: Linux 5.10.25-linuxkit
2021/06/27 04:44:31 [notice] 1#1: getrlimit(RLIMIT_NOFILE): 1048576:1048576
2021/06/27 04:44:31 [notice] 1#1: start worker processes
2021/06/27 04:44:31 [notice] 1#1: start worker process 33
2021/06/27 04:44:31 [notice] 1#1: start worker process 34
2021/06/27 04:44:31 [notice] 1#1: start worker process 35
2021/06/27 04:44:31 [notice] 1#1: start worker process 36
2021/06/27 05:12:26 [notice] 1#1: signal 3 (SIGQUIT) received, shutting down
2021/06/27 05:12:26 [notice] 33#33: gracefully shutting down
2021/06/27 05:12:26 [notice] 35#35: gracefully shutting down
2021/06/27 05:12:26 [notice] 34#34: gracefully shutting down
2021/06/27 05:12:26 [notice] 34#34: exiting
2021/06/27 05:12:26 [notice] 36#36: gracefully shutting down
2021/06/27 05:12:26 [notice] 33#33: exiting
2021/06/27 05:12:26 [notice] 35#35: exiting
2021/06/27 05:12:26 [notice] 34#34: exit
2021/06/27 05:12:26 [notice] 36#36: exiting
2021/06/27 05:12:26 [notice] 33#33: exit
2021/06/27 05:12:26 [notice] 35#35: exit
2021/06/27 05:12:26 [notice] 36#36: exit
2021/06/27 05:12:26 [notice] 1#1: signal 17 (SIGCHLD) received from 34
2021/06/27 05:12:26 [notice] 1#1: worker process 34 exited with code 0
2021/06/27 05:12:26 [notice] 1#1: signal 29 (SIGIO) received
2021/06/27 05:12:26 [notice] 1#1: signal 17 (SIGCHLD) received from 35
2021/06/27 05:12:26 [notice] 1#1: worker process 33 exited with code 0
2021/06/27 05:12:26 [notice] 1#1: worker process 35 exited with code 0
2021/06/27 05:12:26 [notice] 1#1: signal 29 (SIGIO) received
2021/06/27 05:12:26 [notice] 1#1: signal 17 (SIGCHLD) received from 36
2021/06/27 05:12:26 [notice] 1#1: worker process 36 exited with code 0
2021/06/27 05:12:26 [notice] 1#1: exit
2021/06/27 05:15:07 [notice] 1#1: using the "epoll" event method
2021/06/27 05:15:07 [notice] 1#1: nginx/1.21.0
2021/06/27 05:15:07 [notice] 1#1: built by gcc 8.3.0 (Debian 8.3.0-6) 
2021/06/27 05:15:07 [notice] 1#1: OS: Linux 5.10.25-linuxkit
2021/06/27 05:15:07 [notice] 1#1: getrlimit(RLIMIT_NOFILE): 1048576:1048576
2021/06/27 05:15:07 [notice] 1#1: start worker processes
2021/06/27 05:15:07 [notice] 1#1: start worker process 33
2021/06/27 05:15:07 [notice] 1#1: start worker process 34
2021/06/27 05:15:07 [notice] 1#1: start worker process 35
2021/06/27 05:15:07 [notice] 1#1: start worker process 36
2021/06/27 05:20:03 [notice] 1#1: signal 3 (SIGQUIT) received, shutting down
2021/06/27 05:20:03 [notice] 34#34: gracefully shutting down
2021/06/27 05:20:03 [notice] 34#34: exiting
2021/06/27 05:20:03 [notice] 36#36: gracefully shutting down
2021/06/27 05:20:03 [notice] 33#33: gracefully shutting down
2021/06/27 05:20:03 [notice] 33#33: exiting
2021/06/27 05:20:03 [notice] 35#35: gracefully shutting down
2021/06/27 05:20:03 [notice] 34#34: exit
2021/06/27 05:20:03 [notice] 36#36: exiting
2021/06/27 05:20:03 [notice] 33#33: exit
2021/06/27 05:20:03 [notice] 35#35: exiting
2021/06/27 05:20:03 [notice] 36#36: exit
2021/06/27 05:20:03 [notice] 35#35: exit
2021/06/27 05:20:03 [notice] 1#1: signal 17 (SIGCHLD) received from 34
2021/06/27 05:20:03 [notice] 1#1: worker process 34 exited with code 0
2021/06/27 05:20:03 [notice] 1#1: signal 29 (SIGIO) received
2021/06/27 05:20:03 [notice] 1#1: signal 17 (SIGCHLD) received from 33
2021/06/27 05:20:03 [notice] 1#1: worker process 33 exited with code 0
2021/06/27 05:20:03 [notice] 1#1: signal 29 (SIGIO) received
2021/06/27 05:20:03 [notice] 1#1: signal 17 (SIGCHLD) received from 36
2021/06/27 05:20:03 [notice] 1#1: worker process 36 exited with code 0
2021/06/27 05:20:03 [notice] 1#1: signal 29 (SIGIO) received
2021/06/27 05:20:03 [notice] 1#1: signal 17 (SIGCHLD) received from 35
2021/06/27 05:20:03 [notice] 1#1: worker process 35 exited with code 0
2021/06/27 05:20:03 [notice] 1#1: exit
2021/06/27 05:22:09 [notice] 1#1: using the "epoll" event method
2021/06/27 05:22:09 [notice] 1#1: nginx/1.21.0
2021/06/27 05:22:09 [notice] 1#1: built by gcc 8.3.0 (Debian 8.3.0-6) 
2021/06/27 05:22:09 [notice] 1#1: OS: Linux 5.10.25-linuxkit
2021/06/27 05:22:09 [notice] 1#1: getrlimit(RLIMIT_NOFILE): 1048576:1048576
2021/06/27 05:22:09 [notice] 1#1: start worker processes
2021/06/27 05:22:09 [notice] 1#1: start worker process 32
2021/06/27 05:22:09 [notice] 1#1: start worker process 33
2021/06/27 05:22:09 [notice] 1#1: start worker process 34
2021/06/27 05:22:09 [notice] 1#1: start worker process 35
2021/06/27 05:29:55 [notice] 1#1: signal 3 (SIGQUIT) received, shutting down
2021/06/27 05:29:55 [notice] 33#33: gracefully shutting down
2021/06/27 05:29:55 [notice] 32#32: gracefully shutting down
2021/06/27 05:29:55 [notice] 35#35: gracefully shutting down
2021/06/27 05:29:55 [notice] 34#34: gracefully shutting down
2021/06/27 05:29:55 [notice] 33#33: exiting
2021/06/27 05:29:55 [notice] 32#32: exiting
2021/06/27 05:29:55 [notice] 35#35: exiting
2021/06/27 05:29:55 [notice] 34#34: exiting
2021/06/27 05:29:55 [notice] 33#33: exit
2021/06/27 05:29:55 [notice] 32#32: exit
2021/06/27 05:29:55 [notice] 35#35: exit
2021/06/27 05:29:55 [notice] 34#34: exit
2021/06/27 05:29:55 [notice] 1#1: signal 17 (SIGCHLD) received from 33
2021/06/27 05:29:55 [notice] 1#1: worker process 33 exited with code 0
2021/06/27 05:29:55 [notice] 1#1: signal 29 (SIGIO) received
2021/06/27 05:29:55 [notice] 1#1: signal 17 (SIGCHLD) received from 32
2021/06/27 05:29:55 [notice] 1#1: worker process 32 exited with code 0
2021/06/27 05:29:55 [notice] 1#1: worker process 35 exited with code 0
2021/06/27 05:29:55 [notice] 1#1: signal 29 (SIGIO) received
2021/06/27 05:29:55 [notice] 1#1: signal 17 (SIGCHLD) received from 35
2021/06/27 05:29:55 [notice] 1#1: worker process 34 exited with code 0
2021/06/27 05:29:55 [notice] 1#1: exit
2021/06/27 05:39:55 [notice] 1#1: using the "epoll" event method
2021/06/27 05:39:55 [notice] 1#1: nginx/1.21.0
2021/06/27 05:39:55 [notice] 1#1: built by gcc 8.3.0 (Debian 8.3.0-6) 
2021/06/27 05:39:55 [notice] 1#1: OS: Linux 5.10.25-linuxkit
2021/06/27 05:39:55 [notice] 1#1: getrlimit(RLIMIT_NOFILE): 1048576:1048576
2021/06/27 05:39:55 [notice] 1#1: start worker processes
2021/06/27 05:39:55 [notice] 1#1: start worker process 33
2021/06/27 05:39:55 [notice] 1#1: start worker process 34
2021/06/27 05:39:55 [notice] 1#1: start worker process 35
2021/06/27 05:39:55 [notice] 1#1: start worker process 36
2021/06/27 05:40:25 [crit] 34#34: *1 connect() to unix:///app/tmp/sockets/puma.sock failed (2: No such file or directory) while connecting to upstream, client: 172.23.0.1, server: localhost, request: "GET / HTTP/1.1", upstream: "http://unix:///app/tmp/sockets/puma.sock:/", host: "localhost:8080"
2021/06/27 05:40:25 [crit] 34#34: *1 connect() to unix:///app/tmp/sockets/puma.sock failed (2: No such file or directory) while connecting to upstream, client: 172.23.0.1, server: localhost, request: "GET /favicon.ico HTTP/1.1", upstream: "http://unix:///app/tmp/sockets/puma.sock:/favicon.ico", host: "localhost:8080", referrer: "http://localhost:8080/"
2021/06/27 06:03:42 [notice] 1#1: signal 3 (SIGQUIT) received, shutting down
2021/06/27 06:03:42 [notice] 34#34: gracefully shutting down
2021/06/27 06:03:42 [notice] 33#33: gracefully shutting down
2021/06/27 06:03:42 [notice] 33#33: exiting
2021/06/27 06:03:42 [notice] 36#36: gracefully shutting down
2021/06/27 06:03:42 [notice] 36#36: exiting
2021/06/27 06:03:42 [notice] 35#35: gracefully shutting down
2021/06/27 06:03:42 [notice] 35#35: exiting
2021/06/27 06:03:42 [notice] 34#34: exiting
2021/06/27 06:03:42 [notice] 33#33: exit
2021/06/27 06:03:42 [notice] 36#36: exit
2021/06/27 06:03:42 [notice] 35#35: exit
2021/06/27 06:03:42 [notice] 34#34: exit
2021/06/27 06:03:42 [notice] 1#1: signal 17 (SIGCHLD) received from 36
2021/06/27 06:03:42 [notice] 1#1: worker process 33 exited with code 0
2021/06/27 06:03:42 [notice] 1#1: worker process 34 exited with code 0
2021/06/27 06:03:42 [notice] 1#1: worker process 36 exited with code 0
2021/06/27 06:03:42 [notice] 1#1: signal 17 (SIGCHLD) received from 35
2021/06/27 06:03:42 [notice] 1#1: worker process 35 exited with code 0
2021/06/27 06:03:42 [notice] 1#1: exit
2021/06/27 06:18:32 [notice] 1#1: using the "epoll" event method
2021/06/27 06:18:32 [notice] 1#1: nginx/1.21.0
2021/06/27 06:18:32 [notice] 1#1: built by gcc 8.3.0 (Debian 8.3.0-6) 
2021/06/27 06:18:32 [notice] 1#1: OS: Linux 5.10.25-linuxkit
2021/06/27 06:18:32 [notice] 1#1: getrlimit(RLIMIT_NOFILE): 1048576:1048576
2021/06/27 06:18:32 [notice] 1#1: start worker processes
2021/06/27 06:18:32 [notice] 1#1: start worker process 31
2021/06/27 06:18:32 [notice] 1#1: start worker process 32
2021/06/27 06:18:32 [notice] 1#1: start worker process 33
2021/06/27 06:18:32 [notice] 1#1: start worker process 34
2021/06/27 06:19:15 [crit] 31#31: *1 connect() to unix:///app/tmp/sockets/puma.sock failed (2: No such file or directory) while connecting to upstream, client: 172.24.0.1, server: localhost, request: "GET / HTTP/1.1", upstream: "http://unix:///app/tmp/sockets/puma.sock:/", host: "localhost:8080"
2021/06/27 06:19:15 [crit] 31#31: *1 connect() to unix:///app/tmp/sockets/puma.sock failed (2: No such file or directory) while connecting to upstream, client: 172.24.0.1, server: localhost, request: "GET /favicon.ico HTTP/1.1", upstream: "http://unix:///app/tmp/sockets/puma.sock:/favicon.ico", host: "localhost:8080", referrer: "http://localhost:8080/"
2021/06/27 06:29:55 [notice] 1#1: signal 3 (SIGQUIT) received, shutting down
2021/06/27 06:29:55 [notice] 31#31: gracefully shutting down
2021/06/27 06:29:55 [notice] 33#33: gracefully shutting down
2021/06/27 06:29:55 [notice] 32#32: gracefully shutting down
2021/06/27 06:29:55 [notice] 34#34: gracefully shutting down
2021/06/27 06:29:55 [notice] 31#31: exiting
2021/06/27 06:29:55 [notice] 33#33: exiting
2021/06/27 06:29:55 [notice] 32#32: exiting
2021/06/27 06:29:55 [notice] 34#34: exiting
2021/06/27 06:29:55 [notice] 31#31: exit
2021/06/27 06:29:55 [notice] 33#33: exit
2021/06/27 06:29:55 [notice] 32#32: exit
2021/06/27 06:29:55 [notice] 34#34: exit
2021/06/27 06:29:55 [notice] 1#1: signal 17 (SIGCHLD) received from 31
2021/06/27 06:29:55 [notice] 1#1: worker process 31 exited with code 0
2021/06/27 06:29:55 [notice] 1#1: signal 29 (SIGIO) received
2021/06/27 06:29:55 [notice] 1#1: signal 17 (SIGCHLD) received from 33
2021/06/27 06:29:55 [notice] 1#1: worker process 32 exited with code 0
2021/06/27 06:29:55 [notice] 1#1: worker process 33 exited with code 0
2021/06/27 06:29:55 [notice] 1#1: signal 29 (SIGIO) received
2021/06/27 06:29:55 [notice] 1#1: signal 17 (SIGCHLD) received from 32
2021/06/27 06:29:55 [notice] 1#1: worker process 34 exited with code 0
2021/06/27 06:29:55 [notice] 1#1: exit
2021/06/27 06:30:31 [notice] 1#1: using the "epoll" event method
2021/06/27 06:30:31 [notice] 1#1: nginx/1.21.0
2021/06/27 06:30:31 [notice] 1#1: built by gcc 8.3.0 (Debian 8.3.0-6) 
2021/06/27 06:30:31 [notice] 1#1: OS: Linux 5.10.25-linuxkit
2021/06/27 06:30:31 [notice] 1#1: getrlimit(RLIMIT_NOFILE): 1048576:1048576
2021/06/27 06:30:31 [notice] 1#1: start worker processes
2021/06/27 06:30:31 [notice] 1#1: start worker process 31
2021/06/27 06:30:31 [notice] 1#1: start worker process 32
2021/06/27 06:30:31 [notice] 1#1: start worker process 33
2021/06/27 06:30:31 [notice] 1#1: start worker process 34
